build/app/intermediates/manifest_merge_blame_file/release/manifest-merger-blame-release-report.txt
1<?xml version="1.0" encoding="utf-8"?>
2<manifest xmlns:android="http://schemas.android.com/apk/res/android"
3    package="br.com.mobile.carunit"
4    android:versionCode="1"
5    android:versionName="1.0.0" >
6
7    <uses-sdk
8        android:minSdkVersion="21"
9        android:targetSdkVersion="34" />
10
11    <uses-permission android:name="android.permission.INTERNET" />
11-->src\main\AndroidManifest.xml:3:5-67
11-->src\main\AndroidManifest.xml:3:22-64
12    <uses-permission android:name="android.permission.ACCESS_NETWORK_STATE" />
12-->src\main\AndroidManifest.xml:4:5-79
12-->src\main\AndroidManifest.xml:4:22-76
13
14    <queries>
14-->src\main\AndroidManifest.xml:32:5-37:15
15        <intent>
15-->src\main\AndroidManifest.xml:33:9-36:18
16            <action android:name="android.intent.action.PROCESS_TEXT" />
16-->src\main\AndroidManifest.xml:34:13-73
16-->src\main\AndroidManifest.xml:34:21-70
17
18            <data android:mimeType="text/plain" />
18-->src\main\AndroidManifest.xml:35:13-51
18-->src\main\AndroidManifest.xml:35:19-48
19        </intent>
20    </queries>
21
22    <permission
22-->[androidx.core:core:1.13.1] AndroidManifest.xml:22:5-24:47
23        android:name="br.com.mobile.carunit.DYNAMIC_RECEIVER_NOT_EXPORTED_PERMISSION"
23-->[androidx.core:core:1.13.1] AndroidManifest.xml:23:9-81
24        android:protectionLevel="signature" />
24-->[androidx.core:core:1.13.1] AndroidManifest.xml:24:9-44
25
26    <uses-permission android:name="br.com.mobile.carunit.DYNAMIC_RECEIVER_NOT_EXPORTED_PERMISSION" />
26-->[androidx.core:core:1.13.1] AndroidManifest.xml:26:5-97
26-->[androidx.core:core:1.13.1] AndroidManifest.xml:26:22-94
27
28    <application
29        android:name="android.app.Application"
29-->src\main\AndroidManifest.xml:9:9-42
30        android:appComponentFactory="androidx.core.app.CoreComponentFactory"
30-->[androidx.core:core:1.13.1] AndroidManifest.xml:28:18-86
31        android:extractNativeLibs="true"
32        android:icon="@mipmap/ic_launcher"
32-->src\main\AndroidManifest.xml:10:9-43
33        android:label="carunit" >
33-->src\main\AndroidManifest.xml:8:9-32
34        <activity
34-->src\main\AndroidManifest.xml:11:9-27:20
35            android:name="br.com.mobile.carunit.MainActivity"
35-->src\main\AndroidManifest.xml:12:13-41
36            android:configChanges="orientation|keyboardHidden|keyboard|screenSize|smallestScreenSize|locale|layoutDirection|fontScale|screenLayout|density|uiMode"
36-->src\main\AndroidManifest.xml:17:13-163
37            android:exported="true"
37-->src\main\AndroidManifest.xml:13:13-36
38            android:hardwareAccelerated="true"
38-->src\main\AndroidManifest.xml:18:13-47
39            android:launchMode="singleTop"
39-->src\main\AndroidManifest.xml:14:13-43
40            android:taskAffinity=""
40-->src\main\AndroidManifest.xml:15:13-36
41            android:theme="@style/LaunchTheme"
41-->src\main\AndroidManifest.xml:16:13-47
42            android:windowSoftInputMode="adjustResize" >
42-->src\main\AndroidManifest.xml:19:13-55
43            <meta-data
43-->src\main\AndroidManifest.xml:20:13-22:57
44                android:name="io.flutter.embedding.android.NormalTheme"
44-->src\main\AndroidManifest.xml:21:17-72
45                android:resource="@style/NormalTheme" />
45-->src\main\AndroidManifest.xml:22:17-54
46
47            <intent-filter>
47-->src\main\AndroidManifest.xml:23:13-26:29
48                <action android:name="android.intent.action.MAIN" />
48-->src\main\AndroidManifest.xml:24:17-69
48-->src\main\AndroidManifest.xml:24:25-66
49
50                <category android:name="android.intent.category.LAUNCHER" />
50-->src\main\AndroidManifest.xml:25:17-77
50-->src\main\AndroidManifest.xml:25:27-74
51            </intent-filter>
52        </activity>
53
54        <meta-data
54-->src\main\AndroidManifest.xml:28:9-30:33
55            android:name="flutterEmbedding"
55-->src\main\AndroidManifest.xml:29:13-44
56            android:value="2" />
56-->src\main\AndroidManifest.xml:30:13-30
57
58        <uses-library
58-->[androidx.window:window:1.2.0] AndroidManifest.xml:23:9-25:40
59            android:name="androidx.window.extensions"
59-->[androidx.window:window:1.2.0] AndroidManifest.xml:24:13-54
60            android:required="false" />
60-->[androidx.window:window:1.2.0] AndroidManifest.xml:25:13-37
61        <uses-library
61-->[androidx.window:window:1.2.0] AndroidManifest.xml:26:9-28:40
62            android:name="androidx.window.sidecar"
62-->[androidx.window:window:1.2.0] AndroidManifest.xml:27:13-51
63            android:required="false" />
63-->[androidx.window:window:1.2.0] AndroidManifest.xml:28:13-37
64
65        <provider
65-->[androidx.lifecycle:lifecycle-process:2.7.0] AndroidManifest.xml:24:9-32:20
66            android:name="androidx.startup.InitializationProvider"
66-->[androidx.lifecycle:lifecycle-process:2.7.0] AndroidManifest.xml:25:13-67
67            android:authorities="br.com.mobile.carunit.androidx-startup"
67-->[androidx.lifecycle:lifecycle-process:2.7.0] AndroidManifest.xml:26:13-68
68            android:exported="false" >
68-->[androidx.lifecycle:lifecycle-process:2.7.0] AndroidManifest.xml:27:13-37
69            <meta-data
69-->[androidx.lifecycle:lifecycle-process:2.7.0] AndroidManifest.xml:29:13-31:52
70                android:name="androidx.lifecycle.ProcessLifecycleInitializer"
70-->[androidx.lifecycle:lifecycle-process:2.7.0] AndroidManifest.xml:30:17-78
71                android:value="androidx.startup" />
71-->[androidx.lifecycle:lifecycle-process:2.7.0] AndroidManifest.xml:31:17-49
72            <meta-data
72-->[androidx.profileinstaller:profileinstaller:1.3.1] AndroidManifest.xml:29:13-31:52
73                android:name="androidx.profileinstaller.ProfileInstallerInitializer"
73-->[androidx.profileinstaller:profileinstaller:1.3.1] AndroidManifest.xml:30:17-85
74                android:value="androidx.startup" />
74-->[androidx.profileinstaller:profileinstaller:1.3.1] AndroidManifest.xml:31:17-49
75        </provider>
76
77        <receiver
77-->[androidx.profileinstaller:profileinstaller:1.3.1] AndroidManifest.xml:34:9-52:20
78            android:name="androidx.profileinstaller.ProfileInstallReceiver"
78-->[androidx.profileinstaller:profileinstaller:1.3.1] AndroidManifest.xml:35:13-76
79            android:directBootAware="false"
79-->[androidx.profileinstaller:profileinstaller:1.3.1] AndroidManifest.xml:36:13-44
80            android:enabled="true"
80-->[androidx.profileinstaller:profileinstaller:1.3.1] AndroidManifest.xml:37:13-35
81            android:exported="true"
81-->[androidx.profileinstaller:profileinstaller:1.3.1] AndroidManifest.xml:38:13-36
82            android:permission="android.permission.DUMP" >
82-->[androidx.profileinstaller:profileinstaller:1.3.1] AndroidManifest.xml:39:13-57
83            <intent-filter>
83-->[androidx.profileinstaller:profileinstaller:1.3.1] AndroidManifest.xml:40:13-42:29
84                <action android:name="androidx.profileinstaller.action.INSTALL_PROFILE" />
84-->[androidx.profileinstaller:profileinstaller:1.3.1] AndroidManifest.xml:41:17-91
84-->[androidx.profileinstaller:profileinstaller:1.3.1] AndroidManifest.xml:41:25-88
85            </intent-filter>
86            <intent-filter>
86-->[androidx.profileinstaller:profileinstaller:1.3.1] AndroidManifest.xml:43:13-45:29
87                <action android:name="androidx.profileinstaller.action.SKIP_FILE" />
87-->[androidx.profileinstaller:profileinstaller:1.3.1] AndroidManifest.xml:44:17-85
87-->[androidx.profileinstaller:profileinstaller:1.3.1] AndroidManifest.xml:44:25-82
88            </intent-filter>
89            <intent-filter>
89-->[androidx.profileinstaller:profileinstaller:1.3.1] AndroidManifest.xml:46:13-48:29
90                <action android:name="androidx.profileinstaller.action.SAVE_PROFILE" />
90-->[androidx.profileinstaller:profileinstaller:1.3.1] AndroidManifest.xml:47:17-88
90-->[androidx.profileinstaller:profileinstaller:1.3.1] AndroidManifest.xml:47:25-85
91            </intent-filter>
92            <intent-filter>
92-->[androidx.profileinstaller:profileinstaller:1.3.1] AndroidManifest.xml:49:13-51:29
93                <action android:name="androidx.profileinstaller.action.BENCHMARK_OPERATION" />
93-->[androidx.profileinstaller:profileinstaller:1.3.1] AndroidManifest.xml:50:17-95
93-->[androidx.profileinstaller:profileinstaller:1.3.1] AndroidManifest.xml:50:25-92
94            </intent-filter>
95        </receiver>
96    </application>
97
98</manifest>